804.931641 1478100875444651544 
796.142578 1478100875944588271 
803.466797 1478100876444588392 
804.199219 1478100876944585786 
792.480469 1478100877444585120 
802.734375 1478100877944584210 
799.804688 1478100878444583301 
794.677734 1478100878944582816 
799.072266 1478100879444581483 
800.537109 1478100879944583119 
796.875000 1478100880444578392 
799.804688 1478100880944578331 
801.269531 1478100881444580331 
798.339844 1478100881944576088 
867.919922 1478100882444575603 
1676.513672 1478100882944574634 
2184.814453 1478100883444573300 
2302.001953 1478100883944572391 
2330.566406 1478100884444570997 
2334.960938 1478100884944573360 
2310.791016 1478100885444569663 
2277.832031 1478100885944568936 
2243.408203 1478100886444571239 
2215.576172 1478100886944565966 
2190.673828 1478100887444564996 
2167.968750 1478100887944564027 
2146.728516 1478100888444563057 
2123.291016 1478100888944562693 
2105.712891 1478100889444562087 
2079.345703 1478100889944560632 
2057.373047 1478100890444559541 
2033.935547 1478100890944558996 
2011.230469 1478100891444557905 
1987.792969 1478100891944556389 
1963.623047 1478100892444556208 
1948.242188 1478100892944556026 
1918.945312 1478100893444554389 
1897.705078 1478100893944553722 
1873.535156 1478100894444553116 
1856.689453 1478100894944551722 
1831.054688 1478100895444550146 
1814.941406 1478100895944550207 
1792.968750 1478100896444548389 
1772.460938 1478100896944548934 
1751.220703 1478100897444546267 
1729.248047 1478100897944545479 
1711.669922 1478100898444543964 
1692.626953 1478100898944544691 
1675.048828 1478100899444542691 
1661.132812 1478100899944541842 
1650.146484 1478100900444540024 
1627.441406 1478100900944539418 
1610.595703 1478100901444538327 
1593.750000 1478100901944537175 
1590.820312 1478100902444536266 
1562.255859 1478100902944535599 
1549.072266 1478100903444534266 
1535.888672 1478100903944533296 
1521.240234 1478100904444534811 
1508.056641 1478100904944531538 
1491.943359 1478100905444530750 
1481.689453 1478100905944529296 
1465.576172 1478100906444528387 
1458.984375 1478100906944526932 
1440.673828 1478100907444525962 
1433.349609 1478100907944525659 
1422.363281 1478100908444524507 
1408.447266 1478100908944524629 
1395.996094 1478100909444525416 
1385.009766 1478100909944522750 
1368.896484 1478100910444521234 
1359.375000 1478100910944520083 
1357.177734 1478100911444519174 
1335.937500 1478100911944518143 
1330.810547 1478100912444526992 
1320.556641 1478100912944516204 
1307.373047 1478100913444514991 
1302.978516 1478100913944515173 
1291.259766 1478100914444513537 
1286.865234 1478100914944512385 
1292.724609 1478100915444511900 
1277.343750 1478100915944510082 
1256.103516 1478100916444509718 
1248.779297 1478100916944508869 
1235.595703 1478100917444507172 
1235.595703 1478100917944506203 
1223.144531 1478100918444505354 
1217.285156 1478100918944505415 
1209.228516 1478100919444503354 
1196.777344 1478100919944502445 
1192.382812 1478100920444501838 
1186.523438 1478100920944500929 
1182.861328 1478100921444499959 
1174.072266 1478100921944498020 
1168.212891 1478100922444497959 
1161.621094 1478100922944497353 
1146.972656 1478100923444495656 
1145.507812 1478100923944495232 
1141.113281 1478100924444493050 
1133.789062 1478100924944491535 
